# JRE version: Java(TM) SE Runtime Environment (8.0_73-b02) (build 1.8.0_73-b02)
# Java VM: Java HotSpot(TM) 64-Bit Server VM (25.73-b02 mixed mode windows-amd64 compressed oops)
Heap:
 PSYoungGen      total 98304K, used 91576K [0x00000000f5580000, 0x00000000fd980000, 0x0000000100000000)
  eden space 79360K, 91% used [0x00000000f5580000,0x00000000f9c74318,0x00000000fa300000)
  from space 18944K, 99% used [0x00000000fba00000,0x00000000fcc7a0d8,0x00000000fcc80000)
  to   space 23552K, 0% used [0x00000000fa300000,0x00000000fa300000,0x00000000fba00000)
 ParOldGen       total 73728K, used 58984K [0x00000000e0000000, 0x00000000e4800000, 0x00000000f5580000)
  object space 73728K, 80% used [0x00000000e0000000,0x00000000e399a150,0x00000000e4800000)
 Metaspace       used 22054K, capacity 22546K, committed 22704K, reserved 1069056K
  class space    used 2592K, capacity 2741K, committed 2816K, reserved 1048576K
GC Heap History (10 events):
Event: 7.587 GC heap before
{Heap before GC invocations=6 (full 1):
 PSYoungGen      total 64000K, used 61440K [0x00000000f5580000, 0x00000000f9680000, 0x0000000100000000)
  eden space 61440K, 100% used [0x00000000f5580000,0x00000000f9180000,0x00000000f9180000)
  from space 2560K, 0% used [0x00000000f9400000,0x00000000f9400000,0x00000000f9680000)
  to   space 2560K, 0% used [0x00000000f9180000,0x00000000f9180000,0x00000000f9400000)
 ParOldGen       total 73728K, used 31338K [0x00000000e0000000, 0x00000000e4800000, 0x00000000f5580000)
  object space 73728K, 42% used [0x00000000e0000000,0x00000000e1e9aa58,0x00000000e4800000)
 Metaspace       used 18385K, capacity 18848K, committed 19072K, reserved 1067008K
  class space    used 2170K, capacity 2322K, committed 2432K, reserved 1048576K
Event: 7.692 GC heap after
Heap after GC invocations=6 (full 1):
 PSYoungGen      total 64000K, used 2556K [0x00000000f5580000, 0x00000000fcc80000, 0x0000000100000000)
  eden space 61440K, 0% used [0x00000000f5580000,0x00000000f5580000,0x00000000f9180000)
  from space 2560K, 99% used [0x00000000f9180000,0x00000000f93ff070,0x00000000f9400000)
  to   space 18944K, 0% used [0x00000000fba00000,0x00000000fba00000,0x00000000fcc80000)
 ParOldGen       total 73728K, used 35722K [0x00000000e0000000, 0x00000000e4800000, 0x00000000f5580000)
  object space 73728K, 48% used [0x00000000e0000000,0x00000000e22e2a78,0x00000000e4800000)
 Metaspace       used 18385K, capacity 18848K, committed 19072K, reserved 1067008K
  class space    used 2170K, capacity 2322K, committed 2432K, reserved 1048576K
}
Event: 9.671 GC heap before
{Heap before GC invocations=7 (full 1):
 PSYoungGen      total 64000K, used 63996K [0x00000000f5580000, 0x00000000fcc80000, 0x0000000100000000)
  eden space 61440K, 100% used [0x00000000f5580000,0x00000000f9180000,0x00000000f9180000)
  from space 2560K, 99% used [0x00000000f9180000,0x00000000f93ff070,0x00000000f9400000)
  to   space 18944K, 0% used [0x00000000fba00000,0x00000000fba00000,0x00000000fcc80000)
 ParOldGen       total 73728K, used 35722K [0x00000000e0000000, 0x00000000e4800000, 0x00000000f5580000)
  object space 73728K, 48% used [0x00000000e0000000,0x00000000e22e2a78,0x00000000e4800000)
 Metaspace       used 20648K, capacity 21154K, committed 21296K, reserved 1069056K
  class space    used 2451K, capacity 2605K, committed 2688K, reserved 1048576K
Event: 9.899 GC heap after
Heap after GC invocations=7 (full 1):
 PSYoungGen      total 98304K, used 18912K [0x00000000f5580000, 0x00000000fd980000, 0x0000000100000000)
  eden space 79360K, 0% used [0x00000000f5580000,0x00000000f5580000,0x00000000fa300000)
  from space 18944K, 99% used [0x00000000fba00000,0x00000000fcc780b0,0x00000000fcc80000)
  to   space 23552K, 0% used [0x00000000fa300000,0x00000000fa300000,0x00000000fba00000)
 ParOldGen       total 73728K, used 37407K [0x00000000e0000000, 0x00000000e4800000, 0x00000000f5580000)
  object space 73728K, 50% used [0x00000000e0000000,0x00000000e2487c78,0x00000000e4800000)
 Metaspace       used 20648K, capacity 21154K, committed 21296K, reserved 1069056K
  class space    used 2451K, capacity 2605K, committed 2688K, reserved 1048576K
}
Event: 11.524 GC heap before
{Heap before GC invocations=8 (full 1):
 PSYoungGen      total 98304K, used 50686K [0x00000000f5580000, 0x00000000fd980000, 0x0000000100000000)
  eden space 79360K, 40% used [0x00000000f5580000,0x00000000f74877b0,0x00000000fa300000)
  from space 18944K, 99% used [0x00000000fba00000,0x00000000fcc780b0,0x00000000fcc80000)
  to   space 23552K, 0% used [0x00000000fa300000,0x00000000fa300000,0x00000000fba00000)
 ParOldGen       total 73728K, used 37407K [0x00000000e0000000, 0x00000000e4800000, 0x00000000f5580000)
  object space 73728K, 50% used [0x00000000e0000000,0x00000000e2487c78,0x00000000e4800000)
 Metaspace       used 20694K, capacity 21160K, committed 21296K, reserved 1069056K
  class space    used 2456K, capacity 2606K, committed 2688K, reserved 1048576K
Event: 11.616 GC heap after
Heap after GC invocations=8 (full 1):
 PSYoungGen      total 102912K, used 23520K [0x00000000f5580000, 0x00000000fd980000, 0x0000000100000000)
  eden space 79360K, 0% used [0x00000000f5580000,0x00000000f5580000,0x00000000fa300000)
  from space 23552K, 99% used [0x00000000fa300000,0x00000000fb9f80a0,0x00000000fba00000)
  to   space 18944K, 0% used [0x00000000fba00000,0x00000000fba00000,0x00000000fcc80000)
 ParOldGen       total 73728K, used 42255K [0x00000000e0000000, 0x00000000e4800000, 0x00000000f5580000)
  object space 73728K, 57% used [0x00000000e0000000,0x00000000e2943d18,0x00000000e4800000)
 Metaspace       used 20694K, capacity 21160K, committed 21296K, reserved 1069056K
  class space    used 2456K, capacity 2606K, committed 2688K, reserved 1048576K
}
Event: 11.616 GC heap before
{Heap before GC invocations=9 (full 2):
 PSYoungGen      total 102912K, used 23520K [0x00000000f5580000, 0x00000000fd980000, 0x0000000100000000)
  eden space 79360K, 0% used [0x00000000f5580000,0x00000000f5580000,0x00000000fa300000)
  from space 23552K, 99% used [0x00000000fa300000,0x00000000fb9f80a0,0x00000000fba00000)
  to   space 18944K, 0% used [0x00000000fba00000,0x00000000fba00000,0x00000000fcc80000)
 ParOldGen       total 73728K, used 42255K [0x00000000e0000000, 0x00000000e4800000, 0x00000000f5580000)
  object space 73728K, 57% used [0x00000000e0000000,0x00000000e2943d18,0x00000000e4800000)
 Metaspace       used 20694K, capacity 21160K, committed 21296K, reserved 1069056K
  class space    used 2456K, capacity 2606K, committed 2688K, reserved 1048576K
Event: 12.452 GC heap after
Heap after GC invocations=9 (full 2):
 PSYoungGen      total 102912K, used 0K [0x00000000f5580000, 0x00000000fd980000, 0x0000000100000000)
  eden space 79360K, 0% used [0x00000000f5580000,0x00000000f5580000,0x00000000fa300000)
  from space 23552K, 0% used [0x00000000fa300000,0x00000000fa300000,0x00000000fba00000)
  to   space 18944K, 0% used [0x00000000fba00000,0x00000000fba00000,0x00000000fcc80000)
 ParOldGen       total 73728K, used 54759K [0x00000000e0000000, 0x00000000e4800000, 0x00000000f5580000)
  object space 73728K, 74% used [0x00000000e0000000,0x00000000e3579d20,0x00000000e4800000)
 Metaspace       used 20694K, capacity 21160K, committed 21296K, reserved 1069056K
  class space    used 2456K, capacity 2606K, committed 2688K, reserved 1048576K
}
Event: 14.425 GC heap before
{Heap before GC invocations=10 (full 2):
 PSYoungGen      total 102912K, used 79360K [0x00000000f5580000, 0x00000000fd980000, 0x0000000100000000)
  eden space 79360K, 100% used [0x00000000f5580000,0x00000000fa300000,0x00000000fa300000)
  from space 23552K, 0% used [0x00000000fa300000,0x00000000fa300000,0x00000000fba00000)
  to   space 18944K, 0% used [0x00000000fba00000,0x00000000fba00000,0x00000000fcc80000)
 ParOldGen       total 73728K, used 54759K [0x00000000e0000000, 0x00000000e4800000, 0x00000000f5580000)
  object space 73728K, 74% used [0x00000000e0000000,0x00000000e3579d20,0x00000000e4800000)
 Metaspace       used 21475K, capacity 22030K, committed 22192K, reserved 1069056K
  class space    used 2540K, capacity 2703K, committed 2816K, reserved 1048576K
Event: 14.451 GC heap after
Heap after GC invocations=10 (full 2):
 PSYoungGen      total 98304K, used 18920K [0x00000000f5580000, 0x00000000fd980000, 0x0000000100000000)
  eden space 79360K, 0% used [0x00000000f5580000,0x00000000f5580000,0x00000000fa300000)
  from space 18944K, 99% used [0x00000000fba00000,0x00000000fcc7a0d8,0x00000000fcc80000)
  to   space 23552K, 0% used [0x00000000fa300000,0x00000000fa300000,0x00000000fba00000)
 ParOldGen       total 73728K, used 58984K [0x00000000e0000000, 0x00000000e4800000, 0x00000000f5580000)
  object space 73728K, 80% used [0x00000000e0000000,0x00000000e399a150,0x00000000e4800000)
 Metaspace       used 21475K, capacity 22030K, committed 22192K, reserved 1069056K
  class space    used 2540K, capacity 2703K, committed 2816K, reserved 1048576K
}

